Arguments: 
  /Users/uri/.nvm/versions/node/v11.14.0/bin/node /Users/uri/.nvm/versions/node/v11.14.0/bin/yarn

PATH: 
  /Users/uri/.nvm/versions/node/v11.14.0/bin:/usr/local/bin:/usr/bin:/bin:/usr/sbin:/sbin:/Users/uri/.nvm/versions/node/v11.14.0/bin

Yarn version: 
  1.16.0

Node version: 
  11.14.0

Platform: 
  darwin x64

Trace: 
  SyntaxError: /Users/uri/Downloads/linkedin-to-sheet/package.json: Unexpected end of JSON input
      at JSON.parse (<anonymous>)
      at /Users/uri/.nvm/versions/node/v11.14.0/lib/node_modules/yarn/lib/cli.js:1625:59
      at Generator.next (<anonymous>)
      at step (/Users/uri/.nvm/versions/node/v11.14.0/lib/node_modules/yarn/lib/cli.js:304:30)
      at /Users/uri/.nvm/versions/node/v11.14.0/lib/node_modules/yarn/lib/cli.js:315:13

npm manifest: 
  

yarn manifest: 
  No manifest

Lockfile: 
  No lockfile
